Mplus VERSION 8.10 (Mac)
MUTHEN & MUTHEN
03/25/2026   5:14 PM

INPUT INSTRUCTIONS

  TITLE:
    Simulated latent congruence model for RSA_mplus examples

  DATA:
    FILE = "congruence_sim.dat";

  VARIABLE:
    NAMES =
      x1 x2 x3
      y1 y2 y3
      z1 z2 z3;

    USEVARIABLES =
      x1 x2 x3
      y1 y2 y3
      z1 z2 z3;

    MISSING = .;

  ANALYSIS:
    TYPE = RANDOM;
    ALGORITHM = INTEGRATION;
    PROCESSORS = 4;

  MODEL:
    X BY x1 x2 x3;
    Y BY y1 y2 y3;
    Z BY z1 z2 z3;

    XY | X XWITH Y;
    XS | X XWITH X;
    YS | Y XWITH Y;

    Z ON X  (b1)
         Y  (b2)
         XS (b3)
         XY (b4)
         YS (b5);

  MODEL CONSTRAINT:
    NEW(cs cc is ic a5
        x0 y0 p10 p11 p20 p21);

    cs  = b1 + b2;
    cc  = b3 + b4 + b5;
    is  = b1 - b2;
    ic  = b3 - b4 + b5;
    a5  = b3 - b5;

    x0  = (b2*b4 - 2*b1*b5) / (4*b3*b5 - b4*b4);
    y0  = (b1*b4 - 2*b2*b3) / (4*b3*b5 - b4*b4);
    p11 = (b5 - b3 + SQRT((b3 - b5)*(b3 - b5) + b4*b4)) / b4;
    p21 = (b5 - b3 - SQRT((b3 - b5)*(b3 - b5) + b4*b4)) / b4;
    p10 = y0 - p11*x0;
    p20 = y0 - p21*x0;

  OUTPUT:
    STDYX CINTERVAL TECH1;



INPUT READING TERMINATED NORMALLY




Simulated latent congruence model for RSA_mplus examples

SUMMARY OF ANALYSIS

Number of groups                                                 1
Number of observations                                         500

Number of dependent variables                                    9
Number of independent variables                                  0
Number of continuous latent variables                            6

Observed dependent variables

  Continuous
   X1          X2          X3          Y1          Y2          Y3
   Z1          Z2          Z3

Continuous latent variables
   X           Y           Z           XY          XS          YS


Estimator                                                      MLR
Information matrix                                        OBSERVED
Optimization Specifications for the Quasi-Newton Algorithm for
Continuous Outcomes
  Maximum number of iterations                                 100
  Convergence criterion                                  0.100D-05
Optimization Specifications for the EM Algorithm
  Maximum number of iterations                                 500
  Convergence criteria
    Loglikelihood change                                 0.100D-02
    Relative loglikelihood change                        0.100D-05
    Derivative                                           0.100D-02
Optimization Specifications for the M step of the EM Algorithm for
Categorical Latent variables
  Number of M step iterations                                    1
  M step convergence criterion                           0.100D-02
  Basis for M step termination                           ITERATION
Optimization Specifications for the M step of the EM Algorithm for
Censored, Binary or Ordered Categorical (Ordinal), Unordered
Categorical (Nominal) and Count Outcomes
  Number of M step iterations                                    1
  M step convergence criterion                           0.100D-02
  Basis for M step termination                           ITERATION
  Maximum value for logit thresholds                            15
  Minimum value for logit thresholds                           -15
  Minimum expected cell size for chi-square              0.100D-01
Maximum number of iterations for H1                           2000
Convergence criterion for H1                             0.100D-03
Optimization algorithm                                         EMA
Integration Specifications
  Type                                                    STANDARD
  Number of integration points                                  15
  Dimensions of numerical integration                            2
  Adaptive quadrature                                           ON
Cholesky                                                       OFF

Input data file(s)
  congruence_sim.dat
Input data format  FREE


SUMMARY OF DATA

     Number of missing data patterns             1


COVARIANCE COVERAGE OF DATA

Minimum covariance coverage value   0.100


     PROPORTION OF DATA PRESENT FOR Y


           Covariance Coverage
              X1            X2            X3            Y1            Y2
              ________      ________      ________      ________      ________
 X1             1.000
 X2             1.000         1.000
 X3             1.000         1.000         1.000
 Y1             1.000         1.000         1.000         1.000
 Y2             1.000         1.000         1.000         1.000         1.000
 Y3             1.000         1.000         1.000         1.000         1.000
 Z1             1.000         1.000         1.000         1.000         1.000
 Z2             1.000         1.000         1.000         1.000         1.000
 Z3             1.000         1.000         1.000         1.000         1.000


           Covariance Coverage
              Y3            Z1            Z2            Z3
              ________      ________      ________      ________
 Y3             1.000
 Z1             1.000         1.000
 Z2             1.000         1.000         1.000
 Z3             1.000         1.000         1.000         1.000



UNIVARIATE SAMPLE STATISTICS


     UNIVARIATE HIGHER-ORDER MOMENT DESCRIPTIVE STATISTICS

         Variable/         Mean/     Skewness/   Minimum/ % with                Percentiles
        Sample Size      Variance    Kurtosis    Maximum  Min/Max      20%/60%    40%/80%    Median

     X1                    0.034      -0.097      -3.889    0.20%      -0.907     -0.255      0.069
             500.000       1.333      -0.017       3.296    0.20%       0.382      0.966
     X2                    0.033      -0.099      -2.949    0.20%      -0.860     -0.292      0.058
             500.000       1.192      -0.237       2.921    0.20%       0.353      0.965
     X3                   -0.009       0.003      -3.113    0.20%      -0.940     -0.307      0.001
             500.000       1.161      -0.200       3.147    0.20%       0.284      0.908
     Y1                   -0.017      -0.050      -3.661    0.20%      -0.953     -0.279     -0.040
             500.000       1.226      -0.029       3.672    0.20%       0.259      0.906
     Y2                    0.066       0.020      -2.798    0.20%      -0.883     -0.215      0.094
             500.000       1.142      -0.400       2.722    0.20%       0.347      1.000
     Y3                    0.028      -0.050      -3.492    0.20%      -0.766     -0.250     -0.006
             500.000       0.932       0.126       2.960    0.20%       0.298      0.857
     Z1                   -0.124      -0.100      -3.339    0.20%      -0.911     -0.344     -0.078
             500.000       0.945       0.090       2.390    0.20%       0.134      0.638
     Z2                   -0.093       0.003      -2.780    0.20%      -0.867     -0.363     -0.107
             500.000       0.883      -0.119       2.826    0.20%       0.192      0.689
     Z3                   -0.081       0.042      -2.774    0.20%      -0.860     -0.291     -0.075
             500.000       0.799       0.177       2.548    0.20%       0.123      0.618


THE MODEL ESTIMATION TERMINATED NORMALLY



MODEL FIT INFORMATION

Number of Free Parameters                       33

Loglikelihood

          H0 Value                       -5281.039
          H0 Scaling Correction Factor      1.0065
            for MLR

Information Criteria

          Akaike (AIC)                   10628.078
          Bayesian (BIC)                 10767.160
          Sample-Size Adjusted BIC       10662.416
            (n* = (n + 2) / 24)



MODEL RESULTS

                                                    Two-Tailed
                    Estimate       S.E.  Est./S.E.    P-Value

 X        BY
    X1                 1.000      0.000    999.000    999.000
    X2                 0.898      0.038     23.877      0.000
    X3                 0.819      0.039     20.971      0.000

 Y        BY
    Y1                 1.000      0.000    999.000    999.000
    Y2                 1.003      0.045     22.208      0.000
    Y3                 0.787      0.043     18.272      0.000

 Z        BY
    Z1                 1.000      0.000    999.000    999.000
    Z2                 0.914      0.055     16.650      0.000
    Z3                 0.903      0.056     16.007      0.000

 Z          ON
    X                  0.326      0.041      7.985      0.000
    Y                  0.166      0.045      3.661      0.000
    XS                -0.058      0.034     -1.733      0.083
    XY                 0.069      0.053      1.299      0.194
    YS                -0.085      0.040     -2.125      0.034

 Y        WITH
    X                  0.421      0.056      7.568      0.000

 Intercepts
    X1                 0.034      0.052      0.661      0.509
    X2                 0.033      0.049      0.686      0.493
    X3                -0.008      0.048     -0.176      0.860
    Y1                -0.016      0.050     -0.325      0.745
    Y2                 0.066      0.048      1.384      0.166
    Y3                 0.028      0.043      0.646      0.518
    Z1                -0.014      0.055     -0.245      0.806
    Z2                 0.008      0.052      0.159      0.874
    Z3                 0.018      0.051      0.359      0.719

 Variances
    X                  1.079      0.089     12.094      0.000
    Y                  0.899      0.079     11.349      0.000

 Residual Variances
    X1                 0.254      0.033      7.686      0.000
    X2                 0.321      0.030     10.882      0.000
    X3                 0.437      0.034     12.892      0.000
    Y1                 0.327      0.034      9.620      0.000
    Y2                 0.238      0.029      8.226      0.000
    Y3                 0.376      0.030     12.432      0.000
    Z1                 0.322      0.033      9.680      0.000
    Z2                 0.362      0.031     11.565      0.000
    Z3                 0.292      0.032      9.039      0.000
    Z                  0.420      0.046      9.194      0.000

New/Additional Parameters
    CS                 0.493      0.045     10.843      0.000
    CC                -0.074      0.034     -2.174      0.030
    IS                 0.160      0.073      2.183      0.029
    IC                -0.212      0.102     -2.079      0.038
    A5                 0.027      0.050      0.541      0.589
    X0                 4.449      2.452      1.815      0.070
    Y0                 2.775      1.611      1.723      0.085
    P10               -0.261      0.764     -0.342      0.732
    P11                0.682      0.489      1.396      0.163
    P20                9.295      7.408      1.255      0.210
    P21               -1.465      1.050     -1.396      0.163


QUALITY OF NUMERICAL RESULTS

     Condition Number for the Information Matrix              0.150E-03
       (ratio of smallest to largest eigenvalue)


STANDARDIZED MODEL RESULTS


STDYX Standardization

                                                    Two-Tailed
                    Estimate       S.E.  Est./S.E.    P-Value

 X        BY
    X1                 0.900      0.015     59.556      0.000
    X2                 0.855      0.015     56.558      0.000
    X3                 0.790      0.020     38.891      0.000

 Y        BY
    Y1                 0.856      0.018     48.806      0.000
    Y2                 0.890      0.015     57.816      0.000
    Y3                 0.773      0.023     33.538      0.000

 Z        BY
    Z1                 0.811      0.023     34.553      0.000
    Z2                 0.767      0.024     31.383      0.000
    Z3                 0.796      0.026     30.161      0.000

 Z          ON
    X                  0.432      0.048      9.013      0.000
    Y                  0.200      0.054      3.685      0.000
    XS                -0.080      0.046     -1.741      0.082
    XY                 0.086      0.066      1.304      0.192
    YS                -0.097      0.046     -2.108      0.035

 Y        WITH
    X                  0.427      0.044      9.770      0.000

 Intercepts
    X1                 0.030      0.045      0.660      0.509
    X2                 0.031      0.045      0.684      0.494
    X3                -0.008      0.045     -0.176      0.860
    Y1                -0.015      0.045     -0.325      0.745
    Y2                 0.062      0.045      1.384      0.166
    Y3                 0.029      0.045      0.646      0.518
    Z1                -0.014      0.057     -0.245      0.806
    Z2                 0.009      0.056      0.159      0.874
    Z3                 0.021      0.057      0.360      0.719

 Variances
    X                  1.000      0.000    999.000    999.000
    Y                  1.000      0.000    999.000    999.000

 Residual Variances
    X1                 0.190      0.027      7.003      0.000
    X2                 0.270      0.026     10.444      0.000
    X3                 0.376      0.032     11.726      0.000
    Y1                 0.267      0.030      8.870      0.000
    Y2                 0.208      0.027      7.614      0.000
    Y3                 0.403      0.036     11.314      0.000
    Z1                 0.343      0.038      9.010      0.000
    Z2                 0.412      0.037     11.009      0.000
    Z3                 0.367      0.042      8.736      0.000
    Z                  0.680      0.042     16.144      0.000


R-SQUARE

    Observed                                        Two-Tailed
    Variable        Estimate       S.E.  Est./S.E.    P-Value

    X1                 0.810      0.027     29.778      0.000
    X2                 0.730      0.026     28.279      0.000
    X3                 0.624      0.032     19.445      0.000
    Y1                 0.733      0.030     24.403      0.000
    Y2                 0.792      0.027     28.908      0.000
    Y3                 0.597      0.036     16.769      0.000
    Z1                 0.657      0.038     17.276      0.000
    Z2                 0.588      0.037     15.692      0.000
    Z3                 0.633      0.042     15.080      0.000

     Latent                                         Two-Tailed
    Variable        Estimate       S.E.  Est./S.E.    P-Value

    Z                  0.320      0.042      7.612      0.000


CONFIDENCE INTERVALS OF MODEL RESULTS

                  Lower .5%  Lower 2.5%    Lower 5%    Estimate    Upper 5%  Upper 2.5%   Upper .5%

 X        BY
    X1               1.000       1.000       1.000       1.000       1.000       1.000       1.000
    X2               0.801       0.824       0.836       0.898       0.960       0.972       0.995
    X3               0.719       0.743       0.755       0.819       0.884       0.896       0.920

 Y        BY
    Y1               1.000       1.000       1.000       1.000       1.000       1.000       1.000
    Y2               0.887       0.915       0.929       1.003       1.077       1.092       1.119
    Y3               0.676       0.702       0.716       0.787       0.858       0.871       0.898

 Z        BY
    Z1               1.000       1.000       1.000       1.000       1.000       1.000       1.000
    Z2               0.772       0.806       0.823       0.914       1.004       1.021       1.055
    Z3               0.758       0.792       0.810       0.903       0.996       1.013       1.048

 Z        ON
    X                0.221       0.246       0.259       0.326       0.394       0.407       0.432
    Y                0.049       0.077       0.091       0.166       0.241       0.255       0.283
    XS              -0.145      -0.124      -0.113      -0.058      -0.003       0.008       0.028
    XY              -0.068      -0.035      -0.018       0.069       0.156       0.173       0.205
    YS              -0.188      -0.164      -0.151      -0.085      -0.019      -0.007       0.018

 Y        WITH
    X                0.278       0.312       0.329       0.421       0.513       0.530       0.564

 Intercepts
    X1              -0.099      -0.067      -0.051       0.034       0.119       0.135       0.167
    X2              -0.092      -0.062      -0.047       0.033       0.114       0.129       0.159
    X3              -0.133      -0.103      -0.088      -0.008       0.071       0.086       0.116
    Y1              -0.144      -0.113      -0.098      -0.016       0.065       0.081       0.111
    Y2              -0.057      -0.028      -0.012       0.066       0.145       0.160       0.189
    Y3              -0.083      -0.057      -0.043       0.028       0.099       0.113       0.139
    Z1              -0.156      -0.122      -0.104      -0.014       0.077       0.095       0.129
    Z2              -0.126      -0.094      -0.078       0.008       0.094       0.111       0.143
    Z3              -0.114      -0.082      -0.066       0.018       0.103       0.119       0.150

 Variances
    X                0.849       0.904       0.932       1.079       1.226       1.254       1.309
    Y                0.695       0.744       0.769       0.899       1.030       1.055       1.103

 Residual Variances
    X1               0.169       0.189       0.199       0.254       0.308       0.318       0.339
    X2               0.245       0.264       0.273       0.321       0.370       0.379       0.398
    X3               0.350       0.370       0.381       0.437       0.493       0.503       0.524
    Y1               0.239       0.260       0.271       0.327       0.383       0.394       0.414
    Y2               0.164       0.182       0.191       0.238       0.286       0.295       0.313
    Y3               0.298       0.316       0.326       0.376       0.425       0.435       0.453
    Z1               0.236       0.257       0.267       0.322       0.377       0.387       0.408
    Z2               0.281       0.300       0.310       0.362       0.413       0.423       0.442
    Z3               0.208       0.228       0.239       0.292       0.345       0.355       0.375
    Z                0.302       0.330       0.345       0.420       0.495       0.509       0.537

New/Additional Parameters
    CS               0.376       0.404       0.418       0.493       0.567       0.582       0.610
    CC              -0.163      -0.142      -0.131      -0.074      -0.018      -0.007       0.014
    IS              -0.029       0.016       0.040       0.160       0.281       0.304       0.350
    IC              -0.475      -0.412      -0.380      -0.212      -0.044      -0.012       0.051
    A5              -0.101      -0.071      -0.055       0.027       0.109       0.125       0.155
    X0              -1.867      -0.357       0.416       4.449       8.483       9.255      10.765
    Y0              -1.374      -0.382       0.126       2.775       5.425       5.932       6.924
    P10             -2.228      -1.758      -1.518      -0.261       0.995       1.236       1.706
    P11             -0.577      -0.276      -0.122       0.682       1.487       1.641       1.942
    P20             -9.788      -5.225      -2.892       9.295      21.482      23.816      28.378
    P21             -4.170      -3.523      -3.193      -1.465       0.262       0.593       1.239


CONFIDENCE INTERVALS OF STANDARDIZED MODEL RESULTS


STDYX Standardization

                  Lower .5%  Lower 2.5%    Lower 5%    Estimate    Upper 5%  Upper 2.5%   Upper .5%

 X        BY
    X1               0.861       0.870       0.875       0.900       0.925       0.929       0.939
    X2               0.816       0.825       0.830       0.855       0.879       0.884       0.893
    X3               0.738       0.750       0.756       0.790       0.823       0.830       0.842

 Y        BY
    Y1               0.811       0.822       0.828       0.856       0.885       0.891       0.902
    Y2               0.850       0.860       0.864       0.890       0.915       0.920       0.929
    Y3               0.713       0.728       0.735       0.773       0.811       0.818       0.832

 Z        BY
    Z1               0.750       0.765       0.772       0.811       0.849       0.857       0.871
    Z2               0.704       0.719       0.726       0.767       0.807       0.814       0.830
    Z3               0.728       0.744       0.752       0.796       0.839       0.847       0.864

 Z        ON
    X                0.308       0.338       0.353       0.432       0.510       0.525       0.555
    Y                0.060       0.094       0.111       0.200       0.290       0.307       0.341
    XS              -0.198      -0.170      -0.155      -0.080      -0.004       0.010       0.038
    XY              -0.084      -0.043      -0.023       0.086       0.195       0.216       0.257
    YS              -0.216      -0.188      -0.173      -0.097      -0.021      -0.007       0.022

 Y        WITH
    X                0.315       0.342       0.355       0.427       0.499       0.513       0.540

 Intercepts
    X1              -0.086      -0.058      -0.044       0.030       0.103       0.117       0.145
    X2              -0.085      -0.057      -0.043       0.031       0.104       0.118       0.146
    X3              -0.123      -0.096      -0.081      -0.008       0.066       0.080       0.107
    Y1              -0.130      -0.102      -0.088      -0.015       0.059       0.073       0.101
    Y2              -0.053      -0.026      -0.012       0.062       0.135       0.150       0.177
    Y3              -0.086      -0.059      -0.045       0.029       0.103       0.117       0.144
    Z1              -0.161      -0.126      -0.108      -0.014       0.080       0.098       0.133
    Z2              -0.135      -0.101      -0.083       0.009       0.101       0.118       0.153
    Z3              -0.127      -0.092      -0.074       0.021       0.115       0.133       0.168

 Variances
    X                1.000       1.000       1.000       1.000       1.000       1.000       1.000
    Y                1.000       1.000       1.000       1.000       1.000       1.000       1.000

 Residual Variances
    X1               0.120       0.137       0.146       0.190       0.235       0.244       0.260
    X2               0.203       0.219       0.227       0.270       0.312       0.320       0.336
    X3               0.294       0.313       0.323       0.376       0.429       0.439       0.459
    Y1               0.189       0.208       0.217       0.267       0.316       0.325       0.344
    Y2               0.138       0.155       0.163       0.208       0.254       0.262       0.279
    Y3               0.311       0.333       0.344       0.403       0.461       0.473       0.495
    Z1               0.245       0.268       0.280       0.343       0.405       0.417       0.441
    Z2               0.316       0.339       0.351       0.412       0.474       0.486       0.509
    Z3               0.259       0.285       0.298       0.367       0.436       0.449       0.475
    Z                0.571       0.597       0.610       0.680       0.749       0.762       0.788


TECHNICAL 1 OUTPUT


     PARAMETER SPECIFICATION


           NU
              X1            X2            X3            Y1            Y2
              ________      ________      ________      ________      ________
                    1             2             3             4             5


           NU
              Y3            Z1            Z2            Z3
              ________      ________      ________      ________
                    6             7             8             9


           LAMBDA
              X             Y             Z             XY            XS
              ________      ________      ________      ________      ________
 X1                 0             0             0             0             0
 X2                10             0             0             0             0
 X3                11             0             0             0             0
 Y1                 0             0             0             0             0
 Y2                 0            12             0             0             0
 Y3                 0            13             0             0             0
 Z1                 0             0             0             0             0
 Z2                 0             0            14             0             0
 Z3                 0             0            15             0             0


           LAMBDA
              YS
              ________
 X1                 0
 X2                 0
 X3                 0
 Y1                 0
 Y2                 0
 Y3                 0
 Z1                 0
 Z2                 0
 Z3                 0


           THETA
              X1            X2            X3            Y1            Y2
              ________      ________      ________      ________      ________
 X1                16
 X2                 0            17
 X3                 0             0            18
 Y1                 0             0             0            19
 Y2                 0             0             0             0            20
 Y3                 0             0             0             0             0
 Z1                 0             0             0             0             0
 Z2                 0             0             0             0             0
 Z3                 0             0             0             0             0


           THETA
              Y3            Z1            Z2            Z3
              ________      ________      ________      ________
 Y3                21
 Z1                 0            22
 Z2                 0             0            23
 Z3                 0             0             0            24


           ALPHA
              X             Y             Z             XY            XS
              ________      ________      ________      ________      ________
                    0             0             0             0             0


           ALPHA
              YS
              ________
                    0


           BETA
              X             Y             Z             XY            XS
              ________      ________      ________      ________      ________
 X                  0             0             0             0             0
 Y                  0             0             0             0             0
 Z                 25            26             0            27            28
 XY                 0             0             0             0             0
 XS                 0             0             0             0             0
 YS                 0             0             0             0             0


           BETA
              YS
              ________
 X                  0
 Y                  0
 Z                 29
 XY                 0
 XS                 0
 YS                 0


           PSI
              X             Y             Z             XY            XS
              ________      ________      ________      ________      ________
 X                 30
 Y                 31            32
 Z                  0             0            33
 XY                 0             0             0             0
 XS                 0             0             0             0             0
 YS                 0             0             0             0             0


           PSI
              YS
              ________
 YS                 0


     PARAMETER SPECIFICATION FOR THE ADDITIONAL PARAMETERS


           NEW/ADDITIONAL PARAMETERS
              CS            CC            IS            IC            A5
              ________      ________      ________      ________      ________
                   34            35            36            37            38


           NEW/ADDITIONAL PARAMETERS
              X0            Y0            P10           P11           P20
              ________      ________      ________      ________      ________
                   39            40            41            42            43


           NEW/ADDITIONAL PARAMETERS
              P21
              ________
                   44


     STARTING VALUES


           NU
              X1            X2            X3            Y1            Y2
              ________      ________      ________      ________      ________
                0.034         0.033        -0.009        -0.017         0.066


           NU
              Y3            Z1            Z2            Z3
              ________      ________      ________      ________
                0.028        -0.124        -0.093        -0.081


           LAMBDA
              X             Y             Z             XY            XS
              ________      ________      ________      ________      ________
 X1             1.000         0.000         0.000         0.000         0.000
 X2             1.000         0.000         0.000         0.000         0.000
 X3             1.000         0.000         0.000         0.000         0.000
 Y1             0.000         1.000         0.000         0.000         0.000
 Y2             0.000         1.000         0.000         0.000         0.000
 Y3             0.000         1.000         0.000         0.000         0.000
 Z1             0.000         0.000         1.000         0.000         0.000
 Z2             0.000         0.000         1.000         0.000         0.000
 Z3             0.000         0.000         1.000         0.000         0.000


           LAMBDA
              YS
              ________
 X1             0.000
 X2             0.000
 X3             0.000
 Y1             0.000
 Y2             0.000
 Y3             0.000
 Z1             0.000
 Z2             0.000
 Z3             0.000


           THETA
              X1            X2            X3            Y1            Y2
              ________      ________      ________      ________      ________
 X1             0.667
 X2             0.000         0.596
 X3             0.000         0.000         0.581
 Y1             0.000         0.000         0.000         0.613
 Y2             0.000         0.000         0.000         0.000         0.571
 Y3             0.000         0.000         0.000         0.000         0.000
 Z1             0.000         0.000         0.000         0.000         0.000
 Z2             0.000         0.000         0.000         0.000         0.000
 Z3             0.000         0.000         0.000         0.000         0.000


           THETA
              Y3            Z1            Z2            Z3
              ________      ________      ________      ________
 Y3             0.466
 Z1             0.000         0.473
 Z2             0.000         0.000         0.441
 Z3             0.000         0.000         0.000         0.400


           ALPHA
              X             Y             Z             XY            XS
              ________      ________      ________      ________      ________
                0.000         0.000         0.000         0.000         0.000


           ALPHA
              YS
              ________
                0.000


           BETA
              X             Y             Z             XY            XS
              ________      ________      ________      ________      ________
 X              0.000         0.000         0.000         0.000         0.000
 Y              0.000         0.000         0.000         0.000         0.000
 Z              0.000         0.000         0.000         0.000         0.000
 XY             0.000         0.000         0.000         0.000         0.000
 XS             0.000         0.000         0.000         0.000         0.000
 YS             0.000         0.000         0.000         0.000         0.000


           BETA
              YS
              ________
 X              0.000
 Y              0.000
 Z              0.000
 XY             0.000
 XS             0.000
 YS             0.000


           PSI
              X             Y             Z             XY            XS
              ________      ________      ________      ________      ________
 X              0.050
 Y              0.000         0.050
 Z              0.000         0.000         0.050
 XY             0.000         0.000         0.000         0.000
 XS             0.000         0.000         0.000         0.000         0.000
 YS             0.000         0.000         0.000         0.000         0.000


           PSI
              YS
              ________
 YS             0.000


     STARTING VALUES FOR THE ADDITIONAL PARAMETERS


           NEW/ADDITIONAL PARAMETERS
              CS            CC            IS            IC            A5
              ________      ________      ________      ________      ________
                0.500         0.500         0.500         0.500         0.500


           NEW/ADDITIONAL PARAMETERS
              X0            Y0            P10           P11           P20
              ________      ________      ________      ________      ________
                0.500         0.500         0.500         0.500         0.500


           NEW/ADDITIONAL PARAMETERS
              P21
              ________
                0.500


     Beginning Time:  17:14:05
        Ending Time:  17:14:08
       Elapsed Time:  00:00:03



MUTHEN & MUTHEN
3463 Stoner Ave.
Los Angeles, CA  90066

Tel: (310) 391-9971
Fax: (310) 391-8971
Web: www.StatModel.com
Support: Support@StatModel.com

Copyright (c) 1998-2023 Muthen & Muthen
