Mplus VERSION 8.10 (Mac)
MUTHEN & MUTHEN
05/08/2026   3:35 PM

INPUT INSTRUCTIONS

  TITLE:	this is an example of a SEM with
  	continuous factor indicators
  DATA:	FILE IS ex5.11.dat;
  VARIABLE:	NAMES ARE y1-y12;
  ANALYSIS:
  ESTIMATOR = BAYES;
  BITERATIONS = 10000(2000);
  BCONVERGENCE = 0.01;
  PROC = 4;

  MODEL:	f1 BY y1-y3;
  	f2 BY y4-y6;
  	f3 BY y7-y9;
  	f4 BY y10-y12;
  	f4 ON f3;
  	f3 ON f1 f2;

  OUTPUT:
  STDYX CINTERVAL;



INPUT READING TERMINATED NORMALLY



this is an example of a SEM with
continuous factor indicators

SUMMARY OF ANALYSIS

Number of groups                                                 1
Number of observations                                         500

Number of dependent variables                                   12
Number of independent variables                                  0
Number of continuous latent variables                            4

Observed dependent variables

  Continuous
   Y1          Y2          Y3          Y4          Y5          Y6
   Y7          Y8          Y9          Y10         Y11         Y12

Continuous latent variables
   F1          F2          F3          F4


Estimator                                                    BAYES
Specifications for Bayesian Estimation
  Point estimate                                            MEDIAN
  Number of Markov chain Monte Carlo (MCMC) chains               2
  Random seed for the first chain                                0
  Starting value information                           UNPERTURBED
  Algorithm used for Markov chain Monte Carlo           GIBBS(PX1)
  Convergence criterion                                  0.100D-01
  Maximum number of iterations                               10000
  K-th iteration used for thinning                               1

Input data file(s)
  ex5.11.dat
Input data format  FREE



UNIVARIATE SAMPLE STATISTICS


     UNIVARIATE HIGHER-ORDER MOMENT DESCRIPTIVE STATISTICS

         Variable/         Mean/     Skewness/   Minimum/ % with                Percentiles
        Sample Size      Variance    Kurtosis    Maximum  Min/Max      20%/60%    40%/80%    Median

     Y1                    0.011      -0.037      -4.082    0.20%      -1.176     -0.348      0.019
             500.000       1.917      -0.259       3.577    0.20%       0.325      1.235
     Y2                    0.047      -0.056      -5.193    0.20%      -1.115     -0.286      0.082
             500.000       2.031       0.115       3.940    0.20%       0.389      1.211
     Y3                    0.005       0.201      -3.649    0.20%      -1.266     -0.458     -0.093
             500.000       1.914      -0.415       4.187    0.20%       0.328      1.220
     Y4                    0.104      -0.027      -4.546    0.20%      -0.969     -0.325     -0.009
             500.000       2.039       0.052       4.091    0.20%       0.377      1.317
     Y5                    0.078      -0.070      -3.733    0.20%      -0.984     -0.251      0.049
             500.000       1.622       0.000       4.862    0.20%       0.401      1.209
     Y6                    0.074       0.238      -3.203    0.20%      -1.038     -0.387      0.012
             500.000       1.761      -0.158       4.273    0.20%       0.328      1.287
     Y7                    0.051      -0.088      -4.303    0.20%      -1.217     -0.338      0.077
             500.000       2.312      -0.145       4.345    0.20%       0.529      1.341
     Y8                    0.063      -0.078      -4.397    0.20%      -1.090     -0.255      0.126
             500.000       1.977       0.028       3.991    0.20%       0.474      1.167
     Y9                    0.078      -0.085      -4.200    0.20%      -1.085     -0.267      0.066
             500.000       1.954      -0.315       3.432    0.20%       0.461      1.289
     Y10                  -0.008       0.024      -4.172    0.20%      -1.298     -0.380      0.003
             500.000       2.061      -0.249       4.114    0.20%       0.440      1.117
     Y11                   0.039       0.029      -3.834    0.20%      -1.020     -0.247      0.045
             500.000       1.501      -0.134       3.799    0.20%       0.353      1.025
     Y12                   0.031       0.156      -3.467    0.20%      -1.014     -0.316     -0.004
             500.000       1.470      -0.033       3.843    0.20%       0.300      1.072


THE MODEL ESTIMATION TERMINATED NORMALLY

     USE THE FBITERATIONS OPTION TO INCREASE THE NUMBER OF ITERATIONS BY A FACTOR
     OF AT LEAST TWO TO CHECK CONVERGENCE AND THAT THE PSR VALUE DOES NOT INCREASE.



MODEL FIT INFORMATION

Number of Free Parameters                              40

Bayesian Posterior Predictive Checking using Chi-Square

          95% Confidence Interval for the Difference Between
          the Observed and the Replicated Chi-Square Values

                                -26.325            34.999

          Posterior Predictive P-Value              0.374

Information Criteria

          Deviance (DIC)                        19373.121
          Estimated Number of Parameters (pD)      39.137
          Bayesian (BIC)                        19543.073

RMSEA (Root Mean Square Error Of Approximation)

          Estimate                           0.011
          90 Percent C.I.                    0.000  0.029
          Probability RMSEA <= .05           1.000

CFI/TLI

          CFI                                0.998
          90 Percent C.I.                    0.985  1.000

          TLI                                0.997
          90 Percent C.I.                    0.981  1.000



MODEL RESULTS

                                Posterior  One-Tailed         95% C.I.
                    Estimate       S.D.      P-Value   Lower 2.5%  Upper 2.5%  Significance

 F1       BY
    Y1                 1.000       0.000      0.000       1.000       1.000
    Y2                 1.177       0.120      0.000       0.989       1.457      *
    Y3                 0.944       0.092      0.000       0.779       1.141      *

 F2       BY
    Y4                 1.000       0.000      0.000       1.000       1.000
    Y5                 0.868       0.090      0.000       0.719       1.062      *
    Y6                 0.895       0.100      0.000       0.727       1.118      *

 F3       BY
    Y7                 1.000       0.000      0.000       1.000       1.000
    Y8                 0.867       0.061      0.000       0.749       0.992      *
    Y9                 0.878       0.059      0.000       0.766       0.998      *

 F4       BY
    Y10                1.000       0.000      0.000       1.000       1.000
    Y11                0.832       0.096      0.000       0.665       1.038      *
    Y12                0.688       0.092      0.000       0.534       0.892      *

 F4         ON
    F3                 0.466       0.059      0.000       0.353       0.582      *

 F3         ON
    F1                 0.560       0.074      0.000       0.428       0.715      *
    F2                 0.799       0.090      0.000       0.635       0.984      *

 F2       WITH
    F1                -0.029       0.055      0.296      -0.142       0.079

 Intercepts
    Y1                 0.012       0.061      0.415      -0.107       0.131
    Y2                 0.044       0.063      0.242      -0.081       0.170
    Y3                 0.004       0.061      0.482      -0.115       0.122
    Y4                 0.101       0.061      0.048      -0.016       0.220
    Y5                 0.077       0.055      0.080      -0.032       0.182
    Y6                 0.071       0.056      0.105      -0.039       0.181
    Y7                 0.045       0.066      0.250      -0.080       0.173
    Y8                 0.060       0.060      0.160      -0.056       0.178
    Y9                 0.073       0.059      0.103      -0.041       0.190
    Y10               -0.013       0.063      0.419      -0.134       0.111
    Y11                0.035       0.054      0.258      -0.070       0.141
    Y12                0.027       0.054      0.306      -0.076       0.134

 Variances
    F1                 0.883       0.134      0.000       0.635       1.163      *
    F2                 0.886       0.139      0.000       0.634       1.172      *

 Residual Variances
    Y1                 1.043       0.099      0.000       0.856       1.245      *
    Y2                 0.824       0.106      0.000       0.596       1.018      *
    Y3                 1.143       0.092      0.000       0.969       1.342      *
    Y4                 1.164       0.110      0.000       0.956       1.388      *
    Y5                 0.969       0.082      0.000       0.815       1.138      *
    Y6                 1.066       0.095      0.000       0.880       1.261      *
    Y7                 0.961       0.088      0.000       0.801       1.147      *
    Y8                 0.960       0.083      0.000       0.809       1.134      *
    Y9                 0.908       0.081      0.000       0.760       1.076      *
    Y10                1.223       0.120      0.000       0.999       1.476      *
    Y11                0.926       0.085      0.000       0.764       1.101      *
    Y12                1.082       0.086      0.000       0.920       1.256      *
    F3                 0.570       0.090      0.000       0.404       0.750      *
    F4                 0.546       0.101      0.000       0.386       0.783      *


STANDARDIZED MODEL RESULTS


STDYX Standardization

                                Posterior  One-Tailed         95% C.I.
                    Estimate       S.D.      P-Value   Lower 2.5%  Upper 2.5%  Significance
 F1       BY
    Y1                 0.677       0.039      0.000       0.594       0.749      *
    Y2                 0.774       0.034      0.000       0.708       0.844      *
    Y3                 0.639       0.035      0.000       0.566       0.705      *

 F2       BY
    Y4                 0.657       0.040      0.000       0.574       0.731      *
    Y5                 0.640       0.037      0.000       0.561       0.706      *
    Y6                 0.633       0.040      0.000       0.553       0.709      *

 F3       BY
    Y7                 0.768       0.025      0.000       0.718       0.813      *
    Y8                 0.721       0.029      0.000       0.662       0.773      *
    Y9                 0.735       0.028      0.000       0.676       0.786      *

 F4       BY
    Y10                0.640       0.043      0.000       0.552       0.723      *
    Y11                0.623       0.043      0.000       0.536       0.703      *
    Y12                0.521       0.046      0.000       0.428       0.608      *

 F4         ON
    F3                 0.593       0.048      0.000       0.495       0.679      *

 F3         ON
    F1                 0.448       0.047      0.000       0.354       0.536      *
    F2                 0.638       0.045      0.000       0.545       0.719      *

 F2       WITH
    F1                -0.034       0.062      0.296      -0.156       0.085

 Intercepts
    Y1                 0.008       0.044      0.415      -0.078       0.093
    Y2                 0.031       0.044      0.242      -0.056       0.118
    Y3                 0.003       0.044      0.482      -0.084       0.088
    Y4                 0.071       0.043      0.048      -0.011       0.155
    Y5                 0.061       0.043      0.080      -0.024       0.143
    Y6                 0.053       0.042      0.105      -0.029       0.135
    Y7                 0.029       0.043      0.250      -0.053       0.112
    Y8                 0.042       0.043      0.160      -0.040       0.126
    Y9                 0.052       0.042      0.103      -0.029       0.137
    Y10               -0.009       0.043      0.419      -0.093       0.077
    Y11                0.028       0.044      0.258      -0.058       0.115
    Y12                0.022       0.044      0.306      -0.062       0.109

 Variances
    F1                 1.000       0.000      0.000       1.000       1.000
    F2                 1.000       0.000      0.000       1.000       1.000

 Residual Variances
    Y1                 0.542       0.052      0.000       0.439       0.646      *
    Y2                 0.401       0.053      0.000       0.287       0.498      *
    Y3                 0.592       0.045      0.000       0.503       0.679      *
    Y4                 0.568       0.053      0.000       0.466       0.670      *
    Y5                 0.590       0.047      0.000       0.501       0.685      *
    Y6                 0.600       0.050      0.000       0.497       0.694      *
    Y7                 0.410       0.038      0.000       0.338       0.484      *
    Y8                 0.480       0.041      0.000       0.403       0.562      *
    Y9                 0.460       0.041      0.000       0.382       0.543      *
    Y10                0.590       0.055      0.000       0.477       0.694      *
    Y11                0.611       0.053      0.000       0.506       0.712      *
    Y12                0.729       0.047      0.000       0.629       0.816      *
    F3                 0.410       0.056      0.000       0.303       0.520      *
    F4                 0.648       0.056      0.000       0.539       0.754      *


R-SQUARE

                                Posterior  One-Tailed         95% C.I.
    Variable        Estimate       S.D.      P-Value   Lower 2.5%  Upper 2.5%

    Y1                 0.458       0.052      0.000       0.353       0.561
    Y2                 0.599       0.053      0.000       0.502       0.712
    Y3                 0.408       0.045      0.000       0.321       0.496
    Y4                 0.432       0.053      0.000       0.330       0.534
    Y5                 0.410       0.047      0.000       0.315       0.498
    Y6                 0.400       0.050      0.000       0.306       0.502
    Y7                 0.590       0.038      0.000       0.516       0.661
    Y8                 0.520       0.041      0.000       0.438       0.597
    Y9                 0.540       0.041      0.000       0.457       0.617
    Y10                0.410       0.055      0.000       0.305       0.522
    Y11                0.389       0.053      0.000       0.287       0.494
    Y12                0.271       0.047      0.000       0.183       0.370

                                Posterior  One-Tailed         95% C.I.
    Variable        Estimate       S.D.      P-Value   Lower 2.5%  Upper 2.5%

    F3                 0.590       0.056      0.000       0.479       0.697
    F4                 0.352       0.056      0.000       0.245       0.461


CREDIBILITY INTERVALS OF MODEL RESULTS

                  Lower .5%  Lower 2.5%    Lower 5%    Estimate    Upper 5%  Upper 2.5%   Upper .5%

 F1       BY
    Y1               1.000       1.000       1.000       1.000       1.000       1.000       1.000
    Y2               0.953       0.989       1.007       1.177       1.400       1.457       1.621
    Y3               0.727       0.779       0.808       0.944       1.107       1.141       1.214

 F2       BY
    Y4               1.000       1.000       1.000       1.000       1.000       1.000       1.000
    Y5               0.680       0.719       0.736       0.868       1.025       1.062       1.152
    Y6               0.676       0.727       0.751       0.895       1.079       1.118       1.194

 F3       BY
    Y7               1.000       1.000       1.000       1.000       1.000       1.000       1.000
    Y8               0.708       0.749       0.768       0.867       0.965       0.992       1.051
    Y9               0.737       0.766       0.781       0.878       0.976       0.998       1.042

 F4       BY
    Y10              1.000       1.000       1.000       1.000       1.000       1.000       1.000
    Y11              0.615       0.665       0.688       0.832       1.004       1.038       1.112
    Y12              0.492       0.534       0.557       0.688       0.859       0.892       0.937

 F4       ON
    F3               0.325       0.353       0.371       0.466       0.566       0.582       0.630

 F3       ON
    F1               0.385       0.428       0.449       0.560       0.689       0.715       0.762
    F2               0.587       0.635       0.656       0.799       0.959       0.984       1.038

 F2       WITH
    F1              -0.166      -0.142      -0.124      -0.029       0.058       0.079       0.111

 Intercepts
    Y1              -0.153      -0.107      -0.090       0.012       0.113       0.131       0.160
    Y2              -0.122      -0.081      -0.058       0.044       0.151       0.170       0.204
    Y3              -0.156      -0.115      -0.093       0.004       0.101       0.122       0.161
    Y4              -0.050      -0.016       0.002       0.101       0.199       0.220       0.265
    Y5              -0.067      -0.032      -0.014       0.077       0.166       0.182       0.221
    Y6              -0.070      -0.039      -0.023       0.071       0.163       0.181       0.213
    Y7              -0.120      -0.080      -0.062       0.045       0.151       0.173       0.220
    Y8              -0.089      -0.056      -0.040       0.060       0.161       0.178       0.212
    Y9              -0.079      -0.041      -0.023       0.073       0.171       0.190       0.233
    Y10             -0.176      -0.134      -0.112      -0.013       0.093       0.111       0.153
    Y11             -0.104      -0.070      -0.055       0.035       0.125       0.141       0.175
    Y12             -0.112      -0.076      -0.058       0.027       0.115       0.134       0.169

 Variances
    F1               0.569       0.635       0.678       0.883       1.115       1.163       1.224
    F2               0.545       0.634       0.676       0.886       1.128       1.172       1.270

 Residual Variances
    Y1               0.804       0.856       0.890       1.043       1.207       1.245       1.305
    Y2               0.513       0.596       0.639       0.824       0.987       1.018       1.074
    Y3               0.925       0.969       0.999       1.143       1.305       1.342       1.400
    Y4               0.887       0.956       0.985       1.164       1.351       1.388       1.442
    Y5               0.764       0.815       0.839       0.969       1.108       1.138       1.192
    Y6               0.833       0.880       0.912       1.066       1.227       1.261       1.334
    Y7               0.760       0.801       0.826       0.961       1.117       1.147       1.199
    Y8               0.763       0.809       0.833       0.960       1.103       1.134       1.185
    Y9               0.709       0.760       0.782       0.908       1.046       1.076       1.143
    Y10              0.932       0.999       1.038       1.223       1.436       1.476       1.538
    Y11              0.720       0.764       0.789       0.926       1.069       1.101       1.156
    Y12              0.875       0.920       0.944       1.082       1.224       1.256       1.314
    F3               0.367       0.404       0.425       0.570       0.726       0.750       0.824
    F4               0.347       0.386       0.407       0.546       0.739       0.783       0.852


CREDIBILITY INTERVALS OF STANDARDIZED MODEL RESULTS


STDYX Standardization

                  Lower .5%  Lower 2.5%    Lower 5%    Estimate    Upper 5%  Upper 2.5%   Upper .5%

 F1       BY
    Y1               0.559       0.594       0.610       0.677       0.738       0.749       0.768
    Y2               0.685       0.708       0.718       0.774       0.831       0.844       0.864
    Y3               0.542       0.566       0.577       0.639       0.694       0.705       0.725

 F2       BY
    Y4               0.546       0.574       0.591       0.657       0.721       0.731       0.747
    Y5               0.535       0.561       0.575       0.640       0.697       0.706       0.725
    Y6               0.522       0.553       0.567       0.633       0.696       0.709       0.735

 F3       BY
    Y7               0.701       0.718       0.727       0.768       0.807       0.813       0.830
    Y8               0.642       0.662       0.671       0.721       0.766       0.773       0.785
    Y9               0.662       0.676       0.685       0.735       0.779       0.786       0.803

 F4       BY
    Y10              0.530       0.552       0.567       0.640       0.710       0.723       0.743
    Y11              0.510       0.536       0.550       0.623       0.693       0.703       0.721
    Y12              0.395       0.428       0.446       0.521       0.594       0.608       0.630

 F4       ON
    F3               0.459       0.495       0.510       0.593       0.667       0.679       0.707

 F3       ON
    F1               0.313       0.354       0.369       0.448       0.523       0.536       0.563
    F2               0.515       0.545       0.561       0.638       0.709       0.719       0.747

 F2       WITH
    F1              -0.183      -0.156      -0.138      -0.034       0.066       0.085       0.127

 Intercepts
    Y1              -0.108      -0.078      -0.065       0.008       0.081       0.093       0.115
    Y2              -0.084      -0.056      -0.040       0.031       0.105       0.118       0.140
    Y3              -0.111      -0.084      -0.067       0.003       0.074       0.088       0.116
    Y4              -0.036      -0.011       0.001       0.071       0.139       0.155       0.187
    Y5              -0.050      -0.024      -0.011       0.061       0.129       0.143       0.169
    Y6              -0.053      -0.029      -0.017       0.053       0.122       0.135       0.158
    Y7              -0.080      -0.053      -0.040       0.029       0.098       0.112       0.140
    Y8              -0.063      -0.040      -0.029       0.042       0.113       0.126       0.153
    Y9              -0.055      -0.029      -0.017       0.052       0.121       0.137       0.162
    Y10             -0.121      -0.093      -0.079      -0.009       0.064       0.077       0.105
    Y11             -0.082      -0.058      -0.044       0.028       0.100       0.115       0.142
    Y12             -0.092      -0.062      -0.048       0.022       0.095       0.109       0.134

 Variances
    F1               1.000       1.000       1.000       1.000       1.000       1.000       1.000
    F2               1.000       1.000       1.000       1.000       1.000       1.000       1.000

 Residual Variances
    Y1               0.406       0.439       0.456       0.542       0.628       0.646       0.684
    Y2               0.246       0.287       0.309       0.401       0.485       0.498       0.527
    Y3               0.474       0.503       0.518       0.592       0.667       0.679       0.704
    Y4               0.441       0.466       0.480       0.568       0.650       0.670       0.700
    Y5               0.473       0.501       0.514       0.590       0.669       0.685       0.711
    Y6               0.459       0.497       0.516       0.600       0.678       0.694       0.727
    Y7               0.311       0.338       0.349       0.410       0.472       0.484       0.509
    Y8               0.381       0.403       0.412       0.480       0.550       0.562       0.587
    Y9               0.355       0.382       0.394       0.460       0.530       0.543       0.561
    Y10              0.446       0.477       0.496       0.590       0.678       0.694       0.716
    Y11              0.480       0.506       0.520       0.611       0.697       0.712       0.740
    Y12              0.603       0.629       0.647       0.729       0.801       0.816       0.844
    F3               0.278       0.303       0.321       0.410       0.505       0.520       0.561
    F4               0.498       0.539       0.556       0.648       0.739       0.754       0.788


     Beginning Time:  15:35:07
        Ending Time:  15:35:07
       Elapsed Time:  00:00:00



MUTHEN & MUTHEN
3463 Stoner Ave.
Los Angeles, CA  90066

Tel: (310) 391-9971
Fax: (310) 391-8971
Web: www.StatModel.com
Support: Support@StatModel.com

Copyright (c) 1998-2023 Muthen & Muthen
