Mplus VERSION 8.10 (Mac)
MUTHEN & MUTHEN
05/08/2026   3:03 PM

INPUT INSTRUCTIONS

  TITLE:	this is an example of a SEM with
  	continuous factor indicators
  DATA:	FILE IS ex5.11.dat;
  VARIABLE:	NAMES ARE y1-y12;
  MODEL:	f1 BY y1-y3;
  	f2 BY y4-y6;
  	f3 BY y7-y9;
  	f4 BY y10-y12;
  	f4 ON f3;
  	f3 ON f1 f2;

  OUTPUT:
  STDYX CINTERVAL;



INPUT READING TERMINATED NORMALLY



this is an example of a SEM with
continuous factor indicators

SUMMARY OF ANALYSIS

Number of groups                                                 1
Number of observations                                         500

Number of dependent variables                                   12
Number of independent variables                                  0
Number of continuous latent variables                            4

Observed dependent variables

  Continuous
   Y1          Y2          Y3          Y4          Y5          Y6
   Y7          Y8          Y9          Y10         Y11         Y12

Continuous latent variables
   F1          F2          F3          F4


Estimator                                                       ML
Information matrix                                        OBSERVED
Maximum number of iterations                                  1000
Convergence criterion                                    0.500D-04
Maximum number of steepest descent iterations                   20

Input data file(s)
  ex5.11.dat

Input data format  FREE



UNIVARIATE SAMPLE STATISTICS


     UNIVARIATE HIGHER-ORDER MOMENT DESCRIPTIVE STATISTICS

         Variable/         Mean/     Skewness/   Minimum/ % with                Percentiles
        Sample Size      Variance    Kurtosis    Maximum  Min/Max      20%/60%    40%/80%    Median

     Y1                    0.011      -0.037      -4.082    0.20%      -1.176     -0.348      0.019
             500.000       1.917      -0.259       3.577    0.20%       0.325      1.235
     Y2                    0.047      -0.056      -5.193    0.20%      -1.115     -0.286      0.082
             500.000       2.031       0.115       3.940    0.20%       0.389      1.211
     Y3                    0.005       0.201      -3.649    0.20%      -1.266     -0.458     -0.093
             500.000       1.914      -0.415       4.187    0.20%       0.328      1.220
     Y4                    0.104      -0.027      -4.546    0.20%      -0.969     -0.325     -0.009
             500.000       2.039       0.052       4.091    0.20%       0.377      1.317
     Y5                    0.078      -0.070      -3.733    0.20%      -0.984     -0.251      0.049
             500.000       1.622       0.000       4.862    0.20%       0.401      1.209
     Y6                    0.074       0.238      -3.203    0.20%      -1.038     -0.387      0.012
             500.000       1.761      -0.158       4.273    0.20%       0.328      1.287
     Y7                    0.051      -0.088      -4.303    0.20%      -1.217     -0.338      0.077
             500.000       2.312      -0.145       4.345    0.20%       0.529      1.341
     Y8                    0.063      -0.078      -4.397    0.20%      -1.090     -0.255      0.126
             500.000       1.977       0.028       3.991    0.20%       0.474      1.167
     Y9                    0.078      -0.085      -4.200    0.20%      -1.085     -0.267      0.066
             500.000       1.954      -0.315       3.432    0.20%       0.461      1.289
     Y10                  -0.008       0.024      -4.172    0.20%      -1.298     -0.380      0.003
             500.000       2.061      -0.249       4.114    0.20%       0.440      1.117
     Y11                   0.039       0.029      -3.834    0.20%      -1.020     -0.247      0.045
             500.000       1.501      -0.134       3.799    0.20%       0.353      1.025
     Y12                   0.031       0.156      -3.467    0.20%      -1.014     -0.316     -0.004
             500.000       1.470      -0.033       3.843    0.20%       0.300      1.072


THE MODEL ESTIMATION TERMINATED NORMALLY



MODEL FIT INFORMATION

Number of Free Parameters                       40

Loglikelihood

          H0 Value                       -9646.960
          H1 Value                       -9620.108

Information Criteria

          Akaike (AIC)                   19373.920
          Bayesian (BIC)                 19542.505
          Sample-Size Adjusted BIC       19415.542
            (n* = (n + 2) / 24)

Chi-Square Test of Model Fit

          Value                             53.704
          Degrees of Freedom                    50
          P-Value                           0.3344

RMSEA (Root Mean Square Error Of Approximation)

          Estimate                           0.012
          90 Percent C.I.                    0.000  0.032
          Probability RMSEA <= .05           1.000

CFI/TLI

          CFI                                0.997
          TLI                                0.997

Chi-Square Test of Model Fit for the Baseline Model

          Value                           1524.403
          Degrees of Freedom                    66
          P-Value                           0.0000

SRMR (Standardized Root Mean Square Residual)

          Value                              0.027



MODEL RESULTS

                                                    Two-Tailed
                    Estimate       S.E.  Est./S.E.    P-Value

 F1       BY
    Y1                 1.000      0.000    999.000    999.000
    Y2                 1.183      0.104     11.376      0.000
    Y3                 0.938      0.087     10.818      0.000

 F2       BY
    Y4                 1.000      0.000    999.000    999.000
    Y5                 0.870      0.085     10.202      0.000
    Y6                 0.891      0.092      9.735      0.000

 F3       BY
    Y7                 1.000      0.000    999.000    999.000
    Y8                 0.872      0.059     14.699      0.000
    Y9                 0.882      0.060     14.611      0.000

 F4       BY
    Y10                1.000      0.000    999.000    999.000
    Y11                0.826      0.094      8.812      0.000
    Y12                0.682      0.089      7.696      0.000

 F4       ON
    F3                 0.473      0.057      8.306      0.000

 F3       ON
    F1                 0.563      0.070      8.027      0.000
    F2                 0.790      0.086      9.228      0.000

 F2       WITH
    F1                -0.030      0.055     -0.545      0.586

 Intercepts
    Y1                 0.011      0.062      0.183      0.855
    Y2                 0.047      0.064      0.738      0.460
    Y3                 0.005      0.062      0.078      0.938
    Y4                 0.104      0.064      1.627      0.104
    Y5                 0.078      0.057      1.361      0.173
    Y6                 0.074      0.059      1.241      0.215
    Y7                 0.051      0.068      0.754      0.451
    Y8                 0.063      0.063      1.000      0.317
    Y9                 0.078      0.063      1.248      0.212
    Y10               -0.008      0.064     -0.128      0.898
    Y11                0.039      0.055      0.716      0.474
    Y12                0.031      0.054      0.563      0.574

 Variances
    F1                 0.884      0.122      7.234      0.000
    F2                 0.888      0.130      6.830      0.000

 Residual Variances
    Y1                 1.033      0.094     11.034      0.000
    Y2                 0.795      0.101      7.862      0.000
    Y3                 1.137      0.092     12.389      0.000
    Y4                 1.151      0.104     11.039      0.000
    Y5                 0.950      0.083     11.468      0.000
    Y6                 1.056      0.091     11.670      0.000
    Y7                 0.954      0.089     10.762      0.000
    Y8                 0.945      0.079     11.980      0.000
    Y9                 0.896      0.077     11.581      0.000
    Y10                1.202      0.118     10.193      0.000
    Y11                0.916      0.085     10.777      0.000
    Y12                1.071      0.083     12.834      0.000
    F3                 0.550      0.092      5.961      0.000
    F4                 0.555      0.102      5.422      0.000


QUALITY OF NUMERICAL RESULTS

     Condition Number for the Information Matrix              0.448E-01
       (ratio of smallest to largest eigenvalue)


STANDARDIZED MODEL RESULTS


STDYX Standardization

                                                    Two-Tailed
                    Estimate       S.E.  Est./S.E.    P-Value

 F1       BY
    Y1                 0.679      0.035     19.246      0.000
    Y2                 0.780      0.033     23.806      0.000
    Y3                 0.637      0.035     18.004      0.000

 F2       BY
    Y4                 0.660      0.038     17.593      0.000
    Y5                 0.644      0.038     17.002      0.000
    Y6                 0.633      0.038     16.496      0.000

 F3       BY
    Y7                 0.766      0.026     29.462      0.000
    Y8                 0.723      0.028     25.845      0.000
    Y9                 0.736      0.028     26.747      0.000

 F4       BY
    Y10                0.646      0.043     15.098      0.000
    Y11                0.625      0.043     14.546      0.000
    Y12                0.521      0.046     11.444      0.000

 F4       ON
    F3                 0.595      0.049     12.145      0.000

 F3       ON
    F1                 0.454      0.048      9.535      0.000
    F2                 0.639      0.044     14.485      0.000

 F2       WITH
    F1                -0.034      0.062     -0.545      0.586

 Intercepts
    Y1                 0.008      0.045      0.183      0.855
    Y2                 0.033      0.045      0.738      0.460
    Y3                 0.003      0.045      0.078      0.938
    Y4                 0.073      0.045      1.625      0.104
    Y5                 0.061      0.045      1.360      0.174
    Y6                 0.055      0.045      1.240      0.215
    Y7                 0.034      0.045      0.754      0.451
    Y8                 0.045      0.045      0.999      0.318
    Y9                 0.056      0.045      1.247      0.212
    Y10               -0.006      0.045     -0.128      0.898
    Y11                0.032      0.045      0.716      0.474
    Y12                0.025      0.045      0.563      0.574

 Variances
    F1                 1.000      0.000    999.000    999.000
    F2                 1.000      0.000    999.000    999.000

 Residual Variances
    Y1                 0.539      0.048     11.249      0.000
    Y2                 0.392      0.051      7.660      0.000
    Y3                 0.594      0.045     13.174      0.000
    Y4                 0.565      0.050     11.403      0.000
    Y5                 0.586      0.049     12.024      0.000
    Y6                 0.600      0.049     12.361      0.000
    Y7                 0.413      0.040     10.352      0.000
    Y8                 0.478      0.040     11.832      0.000
    Y9                 0.459      0.040     11.333      0.000
    Y10                0.583      0.055     10.565      0.000
    Y11                0.610      0.054     11.374      0.000
    Y12                0.728      0.047     15.351      0.000
    F3                 0.405      0.056      7.206      0.000
    F4                 0.646      0.058     11.088      0.000


R-SQUARE

    Observed                                        Two-Tailed
    Variable        Estimate       S.E.  Est./S.E.    P-Value

    Y1                 0.461      0.048      9.623      0.000
    Y2                 0.608      0.051     11.903      0.000
    Y3                 0.406      0.045      9.002      0.000
    Y4                 0.435      0.050      8.797      0.000
    Y5                 0.414      0.049      8.501      0.000
    Y6                 0.400      0.049      8.248      0.000
    Y7                 0.587      0.040     14.731      0.000
    Y8                 0.522      0.040     12.923      0.000
    Y9                 0.541      0.040     13.373      0.000
    Y10                0.417      0.055      7.549      0.000
    Y11                0.390      0.054      7.273      0.000
    Y12                0.272      0.047      5.722      0.000

     Latent                                         Two-Tailed
    Variable        Estimate       S.E.  Est./S.E.    P-Value

    F3                 0.595      0.056     10.581      0.000
    F4                 0.354      0.058      6.073      0.000


CONFIDENCE INTERVALS OF MODEL RESULTS

                  Lower .5%  Lower 2.5%    Lower 5%    Estimate    Upper 5%  Upper 2.5%   Upper .5%

 F1       BY
    Y1               1.000       1.000       1.000       1.000       1.000       1.000       1.000
    Y2               0.915       0.979       1.012       1.183       1.354       1.386       1.450
    Y3               0.714       0.768       0.795       0.938       1.080       1.107       1.161

 F2       BY
    Y4               1.000       1.000       1.000       1.000       1.000       1.000       1.000
    Y5               0.650       0.703       0.730       0.870       1.010       1.037       1.089
    Y6               0.655       0.711       0.740       0.891       1.041       1.070       1.127

 F3       BY
    Y7               1.000       1.000       1.000       1.000       1.000       1.000       1.000
    Y8               0.719       0.755       0.774       0.872       0.969       0.988       1.024
    Y9               0.727       0.764       0.783       0.882       0.982       1.001       1.038

 F4       BY
    Y10              1.000       1.000       1.000       1.000       1.000       1.000       1.000
    Y11              0.584       0.642       0.672       0.826       0.980       1.009       1.067
    Y12              0.454       0.508       0.536       0.682       0.827       0.855       0.910

 F4       ON
    F3               0.326       0.361       0.379       0.473       0.567       0.585       0.620

 F3       ON
    F1               0.382       0.425       0.448       0.563       0.678       0.700       0.744
    F2               0.570       0.622       0.649       0.790       0.931       0.958       1.011

 F2       WITH
    F1              -0.173      -0.139      -0.121      -0.030       0.061       0.078       0.112

 Intercepts
    Y1              -0.148      -0.110      -0.091       0.011       0.113       0.133       0.171
    Y2              -0.117      -0.078      -0.058       0.047       0.152       0.172       0.211
    Y3              -0.155      -0.116      -0.097       0.005       0.107       0.126       0.164
    Y4              -0.061      -0.021      -0.001       0.104       0.209       0.229       0.268
    Y5              -0.069      -0.034      -0.016       0.078       0.171       0.189       0.224
    Y6              -0.079      -0.043      -0.024       0.074       0.171       0.190       0.226
    Y7              -0.124      -0.082      -0.061       0.051       0.163       0.185       0.226
    Y8              -0.099      -0.060      -0.041       0.063       0.166       0.186       0.225
    Y9              -0.083      -0.044      -0.025       0.078       0.181       0.201       0.239
    Y10             -0.174      -0.134      -0.114      -0.008       0.097       0.118       0.157
    Y11             -0.102      -0.068      -0.051       0.039       0.129       0.147       0.180
    Y12             -0.109      -0.076      -0.059       0.031       0.120       0.137       0.170

 Variances
    F1               0.569       0.644       0.683       0.884       1.085       1.123       1.199
    F2               0.553       0.633       0.674       0.888       1.102       1.143       1.223

 Residual Variances
    Y1               0.792       0.850       0.879       1.033       1.187       1.217       1.274
    Y2               0.535       0.597       0.629       0.795       0.962       0.994       1.056
    Y3               0.901       0.957       0.986       1.137       1.288       1.317       1.373
    Y4               0.883       0.947       0.980       1.151       1.323       1.356       1.420
    Y5               0.737       0.788       0.814       0.950       1.087       1.113       1.164
    Y6               0.823       0.879       0.907       1.056       1.205       1.234       1.289
    Y7               0.726       0.780       0.808       0.954       1.100       1.128       1.183
    Y8               0.742       0.790       0.815       0.945       1.074       1.099       1.148
    Y9               0.697       0.744       0.769       0.896       1.023       1.048       1.095
    Y10              0.898       0.971       1.008       1.202       1.396       1.433       1.506
    Y11              0.697       0.749       0.776       0.916       1.055       1.082       1.134
    Y12              0.856       0.907       0.934       1.071       1.208       1.234       1.286
    F3               0.312       0.369       0.398       0.550       0.702       0.731       0.788
    F4               0.291       0.354       0.387       0.555       0.723       0.756       0.819


CONFIDENCE INTERVALS OF STANDARDIZED MODEL RESULTS


STDYX Standardization

                  Lower .5%  Lower 2.5%    Lower 5%    Estimate    Upper 5%  Upper 2.5%   Upper .5%

 F1       BY
    Y1               0.588       0.610       0.621       0.679       0.737       0.748       0.770
    Y2               0.696       0.716       0.726       0.780       0.834       0.844       0.864
    Y3               0.546       0.568       0.579       0.637       0.695       0.706       0.728

 F2       BY
    Y4               0.563       0.586       0.598       0.660       0.722       0.733       0.757
    Y5               0.546       0.569       0.581       0.644       0.706       0.718       0.741
    Y6               0.534       0.557       0.570       0.633       0.696       0.708       0.731

 F3       BY
    Y7               0.699       0.715       0.724       0.766       0.809       0.817       0.833
    Y8               0.651       0.668       0.677       0.723       0.769       0.777       0.795
    Y9               0.665       0.682       0.690       0.736       0.781       0.790       0.807

 F4       BY
    Y10              0.535       0.562       0.575       0.646       0.716       0.729       0.756
    Y11              0.514       0.540       0.554       0.625       0.695       0.709       0.735
    Y12              0.404       0.432       0.446       0.521       0.596       0.610       0.638

 F4       ON
    F3               0.469       0.499       0.514       0.595       0.675       0.691       0.721

 F3       ON
    F1               0.331       0.361       0.376       0.454       0.532       0.547       0.577
    F2               0.525       0.553       0.566       0.639       0.712       0.726       0.753

 F2       WITH
    F1              -0.195      -0.156      -0.137      -0.034       0.069       0.088       0.127

 Intercepts
    Y1              -0.107      -0.079      -0.065       0.008       0.082       0.096       0.123
    Y2              -0.082      -0.055      -0.041       0.033       0.107       0.121       0.148
    Y3              -0.112      -0.084      -0.070       0.003       0.077       0.091       0.119
    Y4              -0.043      -0.015      -0.001       0.073       0.146       0.161       0.188
    Y5              -0.054      -0.027      -0.013       0.061       0.135       0.149       0.176
    Y6              -0.060      -0.032      -0.018       0.055       0.129       0.143       0.171
    Y7              -0.081      -0.054      -0.040       0.034       0.107       0.121       0.149
    Y8              -0.071      -0.043      -0.029       0.045       0.118       0.132       0.160
    Y9              -0.059      -0.032      -0.018       0.056       0.129       0.144       0.171
    Y10             -0.121      -0.093      -0.079      -0.006       0.068       0.082       0.109
    Y11             -0.083      -0.056      -0.042       0.032       0.106       0.120       0.147
    Y12             -0.090      -0.062      -0.048       0.025       0.099       0.113       0.140

 Variances
    F1               1.000       1.000       1.000       1.000       1.000       1.000       1.000
    F2               1.000       1.000       1.000       1.000       1.000       1.000       1.000

 Residual Variances
    Y1               0.416       0.445       0.460       0.539       0.618       0.633       0.662
    Y2               0.260       0.291       0.307       0.392       0.476       0.492       0.523
    Y3               0.478       0.506       0.520       0.594       0.668       0.682       0.710
    Y4               0.437       0.467       0.483       0.565       0.646       0.662       0.692
    Y5               0.460       0.490       0.506       0.586       0.666       0.681       0.711
    Y6               0.475       0.505       0.520       0.600       0.680       0.695       0.725
    Y7               0.310       0.335       0.347       0.413       0.478       0.491       0.515
    Y8               0.374       0.399       0.412       0.478       0.544       0.557       0.582
    Y9               0.354       0.379       0.392       0.459       0.525       0.538       0.563
    Y10              0.441       0.475       0.492       0.583       0.674       0.691       0.725
    Y11              0.472       0.505       0.522       0.610       0.698       0.715       0.748
    Y12              0.606       0.635       0.650       0.728       0.807       0.821       0.851
    F3               0.260       0.295       0.313       0.405       0.498       0.515       0.550
    F4               0.496       0.532       0.550       0.646       0.742       0.760       0.796


     Beginning Time:  15:03:47
        Ending Time:  15:03:47
       Elapsed Time:  00:00:00



MUTHEN & MUTHEN
3463 Stoner Ave.
Los Angeles, CA  90066

Tel: (310) 391-9971
Fax: (310) 391-8971
Web: www.StatModel.com
Support: Support@StatModel.com

Copyright (c) 1998-2023 Muthen & Muthen
