Mplus VERSION 8.10 (Mac)
MUTHEN & MUTHEN
06/03/2026   8:48 AM

INPUT INSTRUCTIONS

  TITLE:	this is an example of two-level path
  	analysis with continuous dependent
  	variables and random slopes
  DATA:	FILE IS ex9.5.dat;
  VARIABLE:	NAMES ARE y1 y2 x1 x2 w clus;
  	WITHIN = x1 x2;
  	BETWEEN = w;
  	CLUSTER IS clus;
  ANALYSIS:	TYPE = TWOLEVEL RANDOM;
  	ESTIMATOR = BAYES;
  	BITERATIONS = (5000);
  	PROC = 8;
  MODEL:
  	%WITHIN%
  	s2 | y2 ON y1;
  	y2 ON x2;
  	s1 | y1 ON x2;
  	y1 ON x1;
  	%BETWEEN%
  	y1 y2 s1 s2 ON w;
  OUTPUT:	TECH1 TECH8;



INPUT READING TERMINATED NORMALLY



this is an example of two-level path
analysis with continuous dependent
variables and random slopes

SUMMARY OF ANALYSIS

Number of groups                                                 1
Number of observations                                         500

Number of dependent variables                                    2
Number of independent variables                                  3
Number of continuous latent variables                            2

Observed dependent variables

  Continuous
   Y1          Y2

Observed independent variables
   X1          X2          W

Continuous latent variables
   S2          S1

Variables with special functions

  Cluster variable      CLUS

  Within variables
   X1          X2

  Between variables
   W


Estimator                                                    BAYES
Specifications for Bayesian Estimation
  Point estimate                                            MEDIAN
  Number of Markov chain Monte Carlo (MCMC) chains               2
  Random seed for the first chain                                0
  Starting value information                           UNPERTURBED
  Algorithm used for Markov chain Monte Carlo           GIBBS(PX1)
  Convergence criterion                                  0.500D-01
  Maximum number of iterations                               50000
  K-th iteration used for thinning                               1

Input data file(s)
  ex9.5.dat
Input data format  FREE


SUMMARY OF DATA

     Number of clusters                         90

       Size (s)    Cluster ID with Size s

          3        1 2 3 4 5 6 7 8 9 10 11 12 13 14 15 16 17 18 19 20 21
                   22 23 24 25 26 27 28 29 30 31 32 33 34 35 36 37 38 39
                   40 41 42 43 44 45 46 47 48 49 50
          5        51 52 53 54 55 56 57 58 59 60
         10        61 62 63 64 65 66 67 68 69 70 71 72 73 74 75 76 77 78
                   79 80 81 82 83 84 85 86 87 88 89 90




UNIVARIATE SAMPLE STATISTICS


     UNIVARIATE HIGHER-ORDER MOMENT DESCRIPTIVE STATISTICS

         Variable/         Mean/     Skewness/   Minimum/ % with                Percentiles
        Sample Size      Variance    Kurtosis    Maximum  Min/Max      20%/60%    40%/80%    Median

     Y1                   -0.132       0.110      -6.706    0.20%      -1.782     -0.639     -0.150
             500.000       4.085       0.282       6.017    0.20%       0.254      1.381
     Y2                    0.632       1.107      -6.558    0.20%      -1.702     -0.568      0.092
             500.000      10.377       1.751      14.772    0.20%       0.557      2.584
     X1                   -0.040      -0.008      -2.926    0.20%      -0.875     -0.305     -0.039
             500.000       1.013       0.012       2.846    0.20%       0.161      0.790
     X2                    0.015      -0.088      -3.060    0.20%      -0.884     -0.236      0.048
             500.000       1.155      -0.306       3.217    0.20%       0.283      0.905
     W                    -0.130      -0.367      -2.154    1.11%      -0.935     -0.218      0.002
              90.000       0.810      -0.601       1.513    1.11%       0.241      0.670


THE MODEL ESTIMATION TERMINATED NORMALLY

     USE THE FBITERATIONS OPTION TO INCREASE THE NUMBER OF ITERATIONS BY A FACTOR
     OF AT LEAST TWO TO CHECK CONVERGENCE AND THAT THE PSR VALUE DOES NOT INCREASE.



MODEL FIT INFORMATION

Number of Free Parameters                              17

Information Criteria

          Deviance (DIC)                         3131.465
          Estimated Number of Parameters (pD)     255.951



MODEL RESULTS

                                Posterior  One-Tailed         95% C.I.
                    Estimate       S.D.      P-Value   Lower 2.5%  Upper 2.5%  Significance

Within Level

 Y2         ON
    X2                 0.535       0.056      0.000       0.427       0.649      *

 Y1         ON
    X1                 0.301       0.054      0.000       0.197       0.408      *

 Residual Variances
    Y1                 1.140       0.090      0.000       0.984       1.335      *
    Y2                 0.953       0.079      0.000       0.816       1.125      *

Between Level

 S1         ON
    W                  0.320       0.110      0.003       0.101       0.531      *

 S2         ON
    W                  0.695       0.125      0.000       0.446       0.942      *

 Y1         ON
    W                  1.044       0.112      0.000       0.818       1.265      *

 Y2         ON
    W                  1.482       0.187      0.000       1.116       1.852      *

 Y2       WITH
    Y1                 0.511       0.176      0.000       0.222       0.912      *

 Intercepts
    Y1                -0.019       0.098      0.427      -0.211       0.168
    Y2                 0.545       0.173      0.000       0.204       0.896      *
    S2                 0.836       0.116      0.000       0.607       1.069      *
    S1                 0.443       0.098      0.000       0.247       0.636      *

 Residual Variances
    Y1                 0.599       0.135      0.000       0.384       0.919      *
    Y2                 1.890       0.417      0.000       1.239       2.865      *
    S2                 0.846       0.191      0.000       0.549       1.301      *
    S1                 0.530       0.133      0.000       0.333       0.845      *


TECHNICAL 1 OUTPUT


     PARAMETER SPECIFICATION FOR WITHIN


           NU
              Y1            Y2            X1            X2
              ________      ________      ________      ________
                    0             0             0             0


           LAMBDA
              Y1            Y2            X1            X2
              ________      ________      ________      ________
 Y1                 0             0             0             0
 Y2                 0             0             0             0
 X1                 0             0             0             0
 X2                 0             0             0             0


           THETA
              Y1            Y2            X1            X2
              ________      ________      ________      ________
 Y1                 0
 Y2                 0             0
 X1                 0             0             0
 X2                 0             0             0             0


           ALPHA
              Y1            Y2            X1            X2
              ________      ________      ________      ________
                    0             0             0             0


           BETA
              Y1            Y2            X1            X2
              ________      ________      ________      ________
 Y1                 0             0             1             0
 Y2                 0             0             0             2
 X1                 0             0             0             0
 X2                 0             0             0             0


           PSI
              Y1            Y2            X1            X2
              ________      ________      ________      ________
 Y1                 3
 Y2                 0             4
 X1                 0             0             0
 X2                 0             0             0             0


     PARAMETER SPECIFICATION FOR BETWEEN


           NU
              Y1            Y2            W
              ________      ________      ________
                    0             0             0


           LAMBDA
              S2            S1            Y1            Y2            W
              ________      ________      ________      ________      ________
 Y1                 0             0             0             0             0
 Y2                 0             0             0             0             0
 W                  0             0             0             0             0


           THETA
              Y1            Y2            W
              ________      ________      ________
 Y1                 0
 Y2                 0             0
 W                  0             0             0


           ALPHA
              S2            S1            Y1            Y2            W
              ________      ________      ________      ________      ________
                    5             6             7             8             0


           BETA
              S2            S1            Y1            Y2            W
              ________      ________      ________      ________      ________
 S2                 0             0             0             0             9
 S1                 0             0             0             0            10
 Y1                 0             0             0             0            11
 Y2                 0             0             0             0            12
 W                  0             0             0             0             0


           PSI
              S2            S1            Y1            Y2            W
              ________      ________      ________      ________      ________
 S2                13
 S1                 0            14
 Y1                 0             0            15
 Y2                 0             0            16            17
 W                  0             0             0             0             0


     STARTING VALUES FOR WITHIN


           NU
              Y1            Y2            X1            X2
              ________      ________      ________      ________
                0.000         0.000         0.000         0.000


           LAMBDA
              Y1            Y2            X1            X2
              ________      ________      ________      ________
 Y1             1.000         0.000         0.000         0.000
 Y2             0.000         1.000         0.000         0.000
 X1             0.000         0.000         1.000         0.000
 X2             0.000         0.000         0.000         1.000


           THETA
              Y1            Y2            X1            X2
              ________      ________      ________      ________
 Y1             0.000
 Y2             0.000         0.000
 X1             0.000         0.000         0.000
 X2             0.000         0.000         0.000         0.000


           ALPHA
              Y1            Y2            X1            X2
              ________      ________      ________      ________
                0.000         0.000         0.000         0.000


           BETA
              Y1            Y2            X1            X2
              ________      ________      ________      ________
 Y1             0.000         0.000         0.000         0.000
 Y2             0.000         0.000         0.000         0.000
 X1             0.000         0.000         0.000         0.000
 X2             0.000         0.000         0.000         0.000


           PSI
              Y1            Y2            X1            X2
              ________      ________      ________      ________
 Y1             2.042
 Y2             0.000         5.189
 X1             0.000         0.000         0.507
 X2             0.000         0.000         0.000         0.578


     STARTING VALUES FOR BETWEEN


           NU
              Y1            Y2            W
              ________      ________      ________
                0.000         0.000         0.000


           LAMBDA
              S2            S1            Y1            Y2            W
              ________      ________      ________      ________      ________
 Y1             0.000         0.000         1.000         0.000         0.000
 Y2             0.000         0.000         0.000         1.000         0.000
 W              0.000         0.000         0.000         0.000         1.000


           THETA
              Y1            Y2            W
              ________      ________      ________
 Y1             0.000
 Y2             0.000         0.000
 W              0.000         0.000         0.000


           ALPHA
              S2            S1            Y1            Y2            W
              ________      ________      ________      ________      ________
                0.000         0.000        -0.132         0.632         0.000


           BETA
              S2            S1            Y1            Y2            W
              ________      ________      ________      ________      ________
 S2             0.000         0.000         0.000         0.000         0.000
 S1             0.000         0.000         0.000         0.000         0.000
 Y1             0.000         0.000         0.000         0.000         0.000
 Y2             0.000         0.000         0.000         0.000         0.000
 W              0.000         0.000         0.000         0.000         0.000


           PSI
              S2            S1            Y1            Y2            W
              ________      ________      ________      ________      ________
 S2             1.000
 S1             0.000         1.000
 Y1             0.000         0.000         2.042
 Y2             0.000         0.000         0.000         5.189
 W              0.000         0.000         0.000         0.000         0.402



     PRIORS FOR ALL PARAMETERS            PRIOR MEAN      PRIOR VARIANCE     PRIOR STD. DEV.

     Parameter 1~N(0.000,infinity)           0.0000            infinity            infinity
     Parameter 2~N(0.000,infinity)           0.0000            infinity            infinity
     Parameter 3~IG(-1.000,0.000)          infinity            infinity            infinity
     Parameter 4~IG(-1.000,0.000)          infinity            infinity            infinity
     Parameter 5~N(0.000,infinity)           0.0000            infinity            infinity
     Parameter 6~N(0.000,infinity)           0.0000            infinity            infinity
     Parameter 7~N(0.000,infinity)           0.0000            infinity            infinity
     Parameter 8~N(0.000,infinity)           0.0000            infinity            infinity
     Parameter 9~N(0.000,infinity)           0.0000            infinity            infinity
     Parameter 10~N(0.000,infinity)          0.0000            infinity            infinity
     Parameter 11~N(0.000,infinity)          0.0000            infinity            infinity
     Parameter 12~N(0.000,infinity)          0.0000            infinity            infinity
     Parameter 13~IG(-1.000,0.000)         infinity            infinity            infinity
     Parameter 14~IG(-1.000,0.000)         infinity            infinity            infinity
     Parameter 15~IW(0.000,-3)             infinity            infinity            infinity
     Parameter 16~IW(0.000,-3)             infinity            infinity            infinity
     Parameter 17~IW(0.000,-3)             infinity            infinity            infinity


TECHNICAL 8 OUTPUT


   TECHNICAL 8 OUTPUT FOR BAYES ESTIMATION

     PROCESSOR    BSEED
     1            0
     2            285380
     3            253358
     4            93468
     5            608496
     6            903420
     7            195873
     8            462953

                     POTENTIAL       PARAMETER WITH
     ITERATION    SCALE REDUCTION      HIGHEST PSR
     100              1.056               14
     200              1.050               4
     300              1.028               15
     400              1.030               6
     500              1.032               6
     600              1.010               15
     700              1.008               15
     800              1.007               13
     900              1.015               13
     1000             1.019               13
     1100             1.017               14
     1200             1.006               13
     1300             1.004               1
     1400             1.007               1
     1500             1.004               1
     1600             1.003               1
     1700             1.003               14
     1800             1.005               14
     1900             1.007               14
     2000             1.010               14
     2100             1.008               14
     2200             1.003               10
     2300             1.002               10
     2400             1.002               16
     2500             1.001               16
     2600             1.002               16
     2700             1.002               16
     2800             1.002               13
     2900             1.002               13
     3000             1.002               17
     3100             1.002               2
     3200             1.003               2
     3300             1.004               2
     3400             1.003               2
     3500             1.005               2
     3600             1.003               2
     3700             1.003               2
     3800             1.004               2
     3900             1.003               2
     4000             1.002               2
     4100             1.001               9
     4200             1.001               16
     4300             1.001               16
     4400             1.001               16
     4500             1.001               2
     4600             1.001               17
     4700             1.001               2
     4800             1.001               2
     4900             1.001               11
     5000             1.001               11


     Beginning Time:  08:48:49
        Ending Time:  08:48:51
       Elapsed Time:  00:00:02



MUTHEN & MUTHEN
3463 Stoner Ave.
Los Angeles, CA  90066

Tel: (310) 391-9971
Fax: (310) 391-8971
Web: www.StatModel.com
Support: Support@StatModel.com

Copyright (c) 1998-2023 Muthen & Muthen
