Mplus VERSION 8.10 (Mac)
MUTHEN & MUTHEN
06/02/2026   4:05 PM

INPUT INSTRUCTIONS

  TITLE:	this is an example of a two-level
  	regression analysis for a continuous
  	dependent variable with a random slope and a latent covariate
  DATA:   FILE = ex9.2c.dat;
  VARIABLE:	NAMES = y x w clus;
  	BETWEEN = w;
  	CLUSTER = clus;
  ANALYSIS:	TYPE = TWOLEVEL RANDOM;
  ESTIMATOR = BAYES;
  BITERATIONS = (5000);
  MODEL:
  	%WITHIN%	
   	s | y ON x;		
  	%BETWEEN%	
  	y ON w x;
  	y WITH s;

  OUTPUT:
  CINTERVAL TECH8;



*** WARNING in MODEL command
  In the MODEL command, the x variable on the WITHIN level has been turned into a
  y variable to enable latent variable decomposition.  This variable will be treated
  as a y-variable on both levels:  X
   1 WARNING(S) FOUND IN THE INPUT INSTRUCTIONS



this is an example of a two-level
regression analysis for a continuous
dependent variable with a random slope and a latent covariate

SUMMARY OF ANALYSIS

Number of groups                                                 1
Number of observations                                        1000

Number of dependent variables                                    2
Number of independent variables                                  1
Number of continuous latent variables                            1

Observed dependent variables

  Continuous
   Y           X

Observed independent variables
   W

Continuous latent variables
   S

Variables with special functions

  Cluster variable      CLUS

  Between variables
   W


Estimator                                                    BAYES
Specifications for Bayesian Estimation
  Point estimate                                            MEDIAN
  Number of Markov chain Monte Carlo (MCMC) chains               2
  Random seed for the first chain                                0
  Starting value information                           UNPERTURBED
  Algorithm used for Markov chain Monte Carlo           GIBBS(PX1)
  Convergence criterion                                  0.500D-01
  Maximum number of iterations                               50000
  K-th iteration used for thinning                               1

Input data file(s)
  ex9.2c.dat
Input data format  FREE


SUMMARY OF DATA

     Number of clusters                        110

       Size (s)    Cluster ID with Size s

          5        1 2 3 4 5 6 7 8 9 10 11 12 13 14 15 16 17 18 19 20 21
                   22 23 24 25 26 27 28 29 30 31 32 33 34 35 36 37 38 39
                   40
         10        41 42 43 44 45 46 47 48 49 50 51 52 53 54 55 56 57 58
                   59 60 61 62 63 64 65 66 67 68 69 70 71 72 73 74 75 76
                   77 78 79 80 81 82 83 84 85 86 87 88 89 90
         15        91 92 93 94 95 96 97 98 99 100 101 102 103 104 105 106
                   107 108 109 110




UNIVARIATE SAMPLE STATISTICS


     UNIVARIATE HIGHER-ORDER MOMENT DESCRIPTIVE STATISTICS

         Variable/         Mean/     Skewness/   Minimum/ % with                Percentiles
        Sample Size      Variance    Kurtosis    Maximum  Min/Max      20%/60%    40%/80%    Median

     Y                     2.045       1.000      -4.224    0.10%      -0.163      1.203      1.828
            1000.000       7.046       2.558      17.676    0.10%       2.467      3.887
     X                    -0.095      -0.056      -3.654    0.10%      -1.113     -0.368     -0.092
            1000.000       1.401      -0.311       3.140    0.10%       0.212      0.923
     W                    -0.106      -0.067      -2.364    0.91%      -0.879     -0.365     -0.079
             110.000       0.808       0.110       2.177    0.91%       0.124      0.513


THE MODEL ESTIMATION TERMINATED NORMALLY

     USE THE FBITERATIONS OPTION TO INCREASE THE NUMBER OF ITERATIONS BY A FACTOR
     OF AT LEAST TWO TO CHECK CONVERGENCE AND THAT THE PSR VALUE DOES NOT INCREASE.



MODEL FIT INFORMATION

Number of Free Parameters                              11

Information Criteria

          Deviance (DIC)                         6014.924
          Estimated Number of Parameters (pD)     247.382



MODEL RESULTS

                                Posterior  One-Tailed         95% C.I.
                    Estimate       S.D.      P-Value   Lower 2.5%  Upper 2.5%  Significance

Within Level

 Variances
    X                  1.063       0.052      0.000       0.970       1.173      *

 Residual Variances
    Y                  1.033       0.053      0.000       0.935       1.138      *

Between Level

 Y          ON
    W                  0.959       0.131      0.000       0.715       1.229      *
    X                  1.565       0.214      0.000       1.144       1.999      *

 Y        WITH
    S                  0.510       0.147      0.000       0.253       0.832      *

 Means
    X                 -0.078       0.065      0.120      -0.205       0.051
    S                  0.926       0.097      0.000       0.737       1.119      *

 Intercepts
    Y                  2.215       0.105      0.000       2.001       2.415      *

 Variances
    X                  0.311       0.061      0.000       0.213       0.450      *
    S                  0.847       0.146      0.000       0.610       1.180      *

 Residual Variances
    Y                  0.846       0.176      0.000       0.576       1.259      *


CREDIBILITY INTERVALS OF MODEL RESULTS

                  Lower .5%  Lower 2.5%    Lower 5%    Estimate    Upper 5%  Upper 2.5%   Upper .5%

Within Level

 Variances
    X                0.942       0.970       0.983       1.063       1.152       1.173       1.207

 Residual Variances
    Y                0.908       0.935       0.949       1.033       1.123       1.138       1.175

Between Level

 Y        ON
    W                0.627       0.715       0.751       0.959       1.183       1.229       1.304
    X                1.021       1.144       1.214       1.565       1.926       1.999       2.143

 Y        WITH
    S                0.172       0.253       0.300       0.510       0.779       0.832       0.960

 Means
    X               -0.248      -0.205      -0.184      -0.078       0.032       0.051       0.091
    S                0.677       0.737       0.763       0.926       1.088       1.119       1.172

 Intercepts
    Y                1.938       2.001       2.037       2.215       2.382       2.415       2.474

 Variances
    X                0.193       0.213       0.227       0.311       0.424       0.450       0.509
    S                0.557       0.610       0.644       0.847       1.115       1.180       1.333

 Residual Variances
    Y                0.500       0.576       0.615       0.846       1.179       1.259       1.407


TECHNICAL 1 OUTPUT


     PARAMETER SPECIFICATION FOR WITHIN


           NU
              Y             X
              ________      ________
                    0             0


           LAMBDA
              Y             X
              ________      ________
 Y                  0             0
 X                  0             0


           THETA
              Y             X
              ________      ________
 Y                  0
 X                  0             0


           ALPHA
              Y             X
              ________      ________
                    0             0


           BETA
              Y             X
              ________      ________
 Y                  0             0
 X                  0             0


           PSI
              Y             X
              ________      ________
 Y                  1
 X                  0             2


     PARAMETER SPECIFICATION FOR BETWEEN


           NU
              Y             X             W
              ________      ________      ________
                    0             0             0


           LAMBDA
              S             Y             X             W
              ________      ________      ________      ________
 Y                  0             0             0             0
 X                  0             0             0             0
 W                  0             0             0             0


           THETA
              Y             X             W
              ________      ________      ________
 Y                  0
 X                  0             0
 W                  0             0             0


           ALPHA
              S             Y             X             W
              ________      ________      ________      ________
                    3             4             5             0


           BETA
              S             Y             X             W
              ________      ________      ________      ________
 S                  0             0             0             0
 Y                  0             0             6             7
 X                  0             0             0             0
 W                  0             0             0             0


           PSI
              S             Y             X             W
              ________      ________      ________      ________
 S                  8
 Y                  9            10
 X                  0             0            11
 W                  0             0             0             0


     STARTING VALUES FOR WITHIN


           NU
              Y             X
              ________      ________
                0.000         0.000


           LAMBDA
              Y             X
              ________      ________
 Y              1.000         0.000
 X              0.000         1.000


           THETA
              Y             X
              ________      ________
 Y              0.000
 X              0.000         0.000


           ALPHA
              Y             X
              ________      ________
                0.000         0.000


           BETA
              Y             X
              ________      ________
 Y              0.000         0.000
 X              0.000         0.000


           PSI
              Y             X
              ________      ________
 Y              3.523
 X              0.000         0.701


     STARTING VALUES FOR BETWEEN


           NU
              Y             X             W
              ________      ________      ________
                0.000         0.000         0.000


           LAMBDA
              S             Y             X             W
              ________      ________      ________      ________
 Y              0.000         1.000         0.000         0.000
 X              0.000         0.000         1.000         0.000
 W              0.000         0.000         0.000         1.000


           THETA
              Y             X             W
              ________      ________      ________
 Y              0.000
 X              0.000         0.000
 W              0.000         0.000         0.000


           ALPHA
              S             Y             X             W
              ________      ________      ________      ________
                0.000         2.045        -0.095         0.000


           BETA
              S             Y             X             W
              ________      ________      ________      ________
 S              0.000         0.000         0.000         0.000
 Y              0.000         0.000         0.000         0.000
 X              0.000         0.000         0.000         0.000
 W              0.000         0.000         0.000         0.000


           PSI
              S             Y             X             W
              ________      ________      ________      ________
 S              1.000
 Y              0.000         3.523
 X              0.000         0.000         0.701
 W              0.000         0.000         0.000         0.406



     PRIORS FOR ALL PARAMETERS            PRIOR MEAN      PRIOR VARIANCE     PRIOR STD. DEV.

     Parameter 1~IG(-1.000,0.000)          infinity            infinity            infinity
     Parameter 2~IG(-1.000,0.000)          infinity            infinity            infinity
     Parameter 3~N(0.000,infinity)           0.0000            infinity            infinity
     Parameter 4~N(0.000,infinity)           0.0000            infinity            infinity
     Parameter 5~N(0.000,infinity)           0.0000            infinity            infinity
     Parameter 6~N(0.000,infinity)           0.0000            infinity            infinity
     Parameter 7~N(0.000,infinity)           0.0000            infinity            infinity
     Parameter 8~IW(0.000,-3)              infinity            infinity            infinity
     Parameter 9~IW(0.000,-3)              infinity            infinity            infinity
     Parameter 10~IW(0.000,-3)             infinity            infinity            infinity
     Parameter 11~IG(-1.000,0.000)         infinity            infinity            infinity


TECHNICAL 8 OUTPUT


   TECHNICAL 8 OUTPUT FOR BAYES ESTIMATION

     CHAIN    BSEED
     1        0
     2        285380

                     POTENTIAL       PARAMETER WITH
     ITERATION    SCALE REDUCTION      HIGHEST PSR
     100              1.030               4
     200              1.061               1
     300              1.047               3
     400              1.023               3
     500              1.007               6
     600              1.004               2
     700              1.011               2
     800              1.007               2
     900              1.006               2
     1000             1.006               2
     1100             1.003               1
     1200             1.003               7
     1300             1.003               7
     1400             1.007               6
     1500             1.004               7
     1600             1.004               6
     1700             1.009               6
     1800             1.006               6
     1900             1.008               6
     2000             1.009               6
     2100             1.008               6
     2200             1.010               6
     2300             1.007               6
     2400             1.005               6
     2500             1.006               4
     2600             1.005               4
     2700             1.006               4
     2800             1.006               7
     2900             1.006               7
     3000             1.007               7
     3100             1.007               7
     3200             1.008               7
     3300             1.004               7
     3400             1.005               7
     3500             1.006               7
     3600             1.005               7
     3700             1.003               8
     3800             1.003               8
     3900             1.004               7
     4000             1.004               8
     4100             1.004               8
     4200             1.004               8
     4300             1.003               8
     4400             1.003               8
     4500             1.004               8
     4600             1.004               8
     4700             1.005               8
     4800             1.005               8
     4900             1.003               8
     5000             1.003               8


     Beginning Time:  16:05:14
        Ending Time:  16:05:19
       Elapsed Time:  00:00:05



MUTHEN & MUTHEN
3463 Stoner Ave.
Los Angeles, CA  90066

Tel: (310) 391-9971
Fax: (310) 391-8971
Web: www.StatModel.com
Support: Support@StatModel.com

Copyright (c) 1998-2023 Muthen & Muthen
